<?xml version="1.0" encoding="utf-8"?><testsuites name="pytest tests"><testsuite name="pytest" errors="0" failures="0" skipped="0" tests="31" time="14.987" timestamp="2026-08-10T09:11:49.980751-03:00" hostname="BOOK-D9KDUVEQSD"><testcase classname="tests.test_competitive_intelligence_agent" name="test_competitive_intelligence_agent_module_imports" time="0.010" /><testcase classname="tests.test_competitive_intelligence_agent" name="test_competitive_intelligence_agent_exposes_something_usable" time="0.001" /><testcase classname="tests.test_competitive_intelligence_retriever" name="test_retriever_initialization" time="0.002" /><testcase classname="tests.test_competitive_intelligence_retriever" name="test_real_competitive_loaders[load_institutions-required_columns0]" time="0.046" /><testcase classname="tests.test_competitive_intelligence_retriever" name="test_real_competitive_loaders[load_peers-required_columns1]" time="0.009" /><testcase classname="tests.test_competitive_intelligence_retriever" name="test_real_competitive_loaders[load_metrics-required_columns2]" time="0.011" /><testcase classname="tests.test_competitive_intelligence_retriever" name="test_real_competitive_loaders[load_insights-required_columns3]" time="0.009" /><testcase classname="tests.test_competitive_intelligence_retriever" name="test_real_competitive_loaders[load_sources-required_columns4]" time="0.008" /><testcase classname="tests.test_competitive_intelligence_retriever" name="test_get_institution_options_contains_base_institution" time="0.021" /><testcase classname="tests.test_competitive_intelligence_retriever" name="test_get_peer_options_returns_configured_peers" time="0.046" /><testcase classname="tests.test_competitive_intelligence_retriever" name="test_get_metrics_returns_dictionary_for_valid_peer" time="0.056" /><testcase classname="tests.test_competitive_intelligence_retriever" name="test_get_insight_contains_expected_fields_for_valid_peer" time="0.043" /><testcase classname="tests.test_competitive_intelligence_retriever" name="test_get_sources_returns_approved_source_labels" time="0.070" /><testcase classname="tests.test_competitive_intelligence_retriever" name="test_current_retriever_does_not_require_get_context" time="0.000" /><testcase classname="tests.test_crm_retriever" name="test_get_account_bundle_returns_expected_keys" time="0.036" /><testcase classname="tests.test_crm_retriever" name="test_get_account_bundle_filters_by_account_id" time="0.033" /><testcase classname="tests.test_observability_contract" name="test_observability_fixture_exists" time="0.002" /><testcase classname="tests.test_observability_contract" name="test_required_event_schema" time="0.005" /><testcase classname="tests.test_observability_contract" name="test_grounded_answer_rate" time="0.006" /><testcase classname="tests.test_observability_contract" name="test_fallback_rate" time="0.006" /><testcase classname="tests.test_observability_contract" name="test_citation_coverage" time="0.006" /><testcase classname="tests.test_observability_contract" name="test_session_latency" time="0.005" /><testcase classname="tests.test_observability_contract" name="test_supervisor_route_trace" time="0.006" /><testcase classname="tests.test_observability_contract" name="test_guardrail_event_is_traceable" time="0.004" /><testcase classname="tests.test_page_competitive_intelligence" name="test_page_competitive_intelligence_imports_without_app_templates" time="9.649" /><testcase classname="tests.test_prompts_contract" name="test_prompt_directory_and_files_exist" time="0.004" /><testcase classname="tests.test_prompts_contract" name="test_fallback_prompt_safety_contract" time="0.009" /><testcase classname="tests.test_prompts_contract" name="test_meeting_prep_prompt_zero_trust_contract" time="0.003" /><testcase classname="tests.test_smoke" name="test_smoke" time="0.001" /><testcase classname="tests.test_supervisor_and_meeting_prep" name="test_supervisor_routes_intents" time="0.001" /><testcase classname="tests.test_supervisor_and_meeting_prep" name="test_meeting_prep_agent_generates_briefing" time="0.039" /></testsuite></testsuites>