<?xml version="1.0" encoding="utf-8"?><testsuites name="pytest tests"><testsuite name="pytest" errors="0" failures="1" skipped="0" tests="38" time="1.234" timestamp="2026-08-26T11:18:09.498831-03:00" hostname="BOOK-D9KDUVEQSD"><testcase classname="tests.test_competitive_intelligence_agent" name="test_competitive_intelligence_agent_module_imports" time="0.001" /><testcase classname="tests.test_competitive_intelligence_agent" name="test_competitive_intelligence_agent_exposes_something_usable" time="0.000" /><testcase classname="tests.test_competitive_intelligence_retriever" name="test_retriever_initialization" time="0.001" /><testcase classname="tests.test_competitive_intelligence_retriever" name="test_real_competitive_loaders[load_institutions-required_columns0]" time="0.018" /><testcase classname="tests.test_competitive_intelligence_retriever" name="test_real_competitive_loaders[load_peers-required_columns1]" time="0.003" /><testcase classname="tests.test_competitive_intelligence_retriever" name="test_real_competitive_loaders[load_metrics-required_columns2]" time="0.002" /><testcase classname="tests.test_competitive_intelligence_retriever" name="test_real_competitive_loaders[load_insights-required_columns3]" time="0.003" /><testcase classname="tests.test_competitive_intelligence_retriever" name="test_real_competitive_loaders[load_sources-required_columns4]" time="0.003" /><testcase classname="tests.test_competitive_intelligence_retriever" name="test_get_institution_options_contains_base_institution" time="0.010" /><testcase classname="tests.test_competitive_intelligence_retriever" name="test_get_peer_options_returns_configured_peers" time="0.015" /><testcase classname="tests.test_competitive_intelligence_retriever" name="test_get_metrics_returns_dictionary_for_valid_peer" time="0.010" /><testcase classname="tests.test_competitive_intelligence_retriever" name="test_get_insight_contains_expected_fields_for_valid_peer" time="0.008" /><testcase classname="tests.test_competitive_intelligence_retriever" name="test_get_sources_returns_approved_source_labels" time="0.015" /><testcase classname="tests.test_competitive_intelligence_retriever" name="test_current_retriever_does_not_require_get_context" time="0.000" /><testcase classname="tests.test_crm_retriever" name="test_get_account_bundle_returns_expected_keys" time="0.007" /><testcase classname="tests.test_crm_retriever" name="test_get_account_bundle_filters_by_account_id" time="0.006" /><testcase classname="tests.test_handoff_contract" name="test_handoff_contract_generation" time="0.000" /><testcase classname="tests.test_observability_contract" name="test_observability_fixture_exists" time="0.000" /><testcase classname="tests.test_observability_contract" name="test_required_event_schema" time="0.001" /><testcase classname="tests.test_observability_contract" name="test_grounded_answer_rate" time="0.000" /><testcase classname="tests.test_observability_contract" name="test_fallback_rate" time="0.000" /><testcase classname="tests.test_observability_contract" name="test_citation_coverage" time="0.001" /><testcase classname="tests.test_observability_contract" name="test_session_latency" time="0.000" /><testcase classname="tests.test_observability_contract" name="test_supervisor_route_trace" time="0.000" /><testcase classname="tests.test_observability_contract" name="test_guardrail_event_is_traceable" time="0.000" /><testcase classname="tests.test_page_competitive_intelligence" name="test_page_competitive_intelligence_imports_without_app_templates" time="0.005"><failure message="  File &quot;/home/anaza/2_PannelAnalysis_Investment-Banking_Linux/pages/2_Competitive_Intelligence.py&quot;, line 193&#10;    &quot;&quot;&quot;Returns {MetricName: SourceId} without changing get_metrics()'s existing return format.&quot;&quot;&quot;&#10;    ^^^^^^^^^^^^^^^^^^^^^^^^^^^^^^^^^^^^^^^^^^^^^^^^^^^^^^^^^^^^^^^^^^^^^^^^^^^^^^^^^^^^^^^^^^^^^&#10;IndentationError: expected an indented block after function definition on line 192">&gt;   ???

/mnt/c/4_SalesForce/2_PannelAnalysis_Investment-Banking/tests/test_page_competitive_intelligence.py:14: 
_ _ _ _ _ _ _ _ _ _ _ _ _ _ _ _ _ _ _ _ _ _ _ _ _ _ _ _ _ _ _ _ _ _ _ _ _ _ _ _ 
&lt;frozen importlib._bootstrap_external&gt;:991: in exec_module
    ???
&lt;frozen importlib._bootstrap_external&gt;:1129: in get_code
    ???
&lt;frozen importlib._bootstrap_external&gt;:1059: in source_to_code
    ???
_ _ _ _ _ _ _ _ _ _ _ _ _ _ _ _ _ _ _ _ _ _ _ _ _ _ _ _ _ _ _ _ _ _ _ _ _ _ _ _ 

f = &lt;built-in function compile&gt;
args = (b'import sys\nfrom pathlib import Path\n\nimport streamlit as st\n\n\nROOT_DIR = Path(__file__).resolve().parent.pare...sult            ', '/home/anaza/2_PannelAnalysis_Investment-Banking_Linux/pages/2_Competitive_Intelligence.py', 'exec')
kwds = {'dont_inherit': True, 'optimize': -1}

&gt;   ???
E     File "/home/anaza/2_PannelAnalysis_Investment-Banking_Linux/pages/2_Competitive_Intelligence.py", line 193
E       """Returns {MetricName: SourceId} without changing get_metrics()'s existing return format."""
E       ^^^^^^^^^^^^^^^^^^^^^^^^^^^^^^^^^^^^^^^^^^^^^^^^^^^^^^^^^^^^^^^^^^^^^^^^^^^^^^^^^^^^^^^^^^^^^
E   IndentationError: expected an indented block after function definition on line 192

&lt;frozen importlib._bootstrap&gt;:488: IndentationError</failure></testcase><testcase classname="tests.test_prompts_contract" name="test_active_prompt_directory_and_files_exist" time="0.000" /><testcase classname="tests.test_prompts_contract" name="test_meeting_prep_system_prompt_zero_trust_contract" time="0.001" /><testcase classname="tests.test_prompts_contract" name="test_meeting_prep_user_prompt_exists_and_is_nonempty" time="0.000" /><testcase classname="tests.test_prompts_contract" name="test_supervisor_router_prompt_contract" time="0.000" /><testcase classname="tests.test_prompts_contract" name="test_prompt_version_registry_exists_and_is_nonempty" time="0.000" /><testcase classname="tests.test_scope_resolver" name="test_scope_resolver_locks_known_account_scope" time="0.000" /><testcase classname="tests.test_scope_resolver" name="test_scope_resolver_returns_not_found_for_unknown_account" time="0.000" /><testcase classname="tests.test_scope_resolver" name="test_scope_resolver_blocks_cross_account_boundary" time="0.000" /><testcase classname="tests.test_smoke" name="test_smoke" time="0.000" /><testcase classname="tests.test_supervisor_and_meeting_prep" name="test_supervisor_routes_intents" time="0.000" /><testcase classname="tests.test_supervisor_and_meeting_prep" name="test_meeting_prep_agent_generates_hybrid_grounded_briefing" time="0.017" /><testcase classname="tests.test_tool_contract_schema" name="test_tool_contract_schema_validity" time="0.001" /></testsuite></testsuites>